<?xml version="1.0" encoding="UTF-8"?>
<!-- Generated by org.testng.reporters.JUnitReportReporter -->
<testsuite hostname="DESKTOP-8JJHTH4" failures="0" tests="1" name="Rivisionrestassured.restassuredrivision.Patch" time="0.466" errors="0" timestamp="2024-09-29T15:13:24 IST" skipped="0">
  <testcase classname="Rivisionrestassured.restassuredrivision.Patch" name="patch" time="0.466"/>
</testsuite> <!-- Rivisionrestassured.restassuredrivision.Patch -->
