<?xml version="1.0" encoding="UTF-8"?>
<!-- Generated by org.testng.reporters.JUnitReportReporter -->
<testsuite hostname="DESKTOP-8JJHTH4" failures="0" tests="1" name="Rivisionrestassured.restassuredrivision.Put" time="0.504" errors="0" timestamp="2024-09-29T15:13:24 IST" skipped="0">
  <testcase classname="Rivisionrestassured.restassuredrivision.Put" name="put" time="0.504"/>
</testsuite> <!-- Rivisionrestassured.restassuredrivision.Put -->
