<?xml version="1.0" encoding="UTF-8"?>
<!-- Generated by org.testng.reporters.JUnitReportReporter -->
<testsuite hostname="DESKTOP-8JJHTH4" failures="0" tests="3" name="Rivisionrestassured.restassuredrivision.Post" time="2.037" errors="0" timestamp="2024-09-29T15:13:24 IST" skipped="0">
  <testcase classname="Rivisionrestassured.restassuredrivision.Post" name="post" time="0.598"/>
  <testcase classname="Rivisionrestassured.restassuredrivision.Post" name="post" time="0.824"/>
  <testcase classname="Rivisionrestassured.restassuredrivision.Post" name="post" time="0.615"/>
</testsuite> <!-- Rivisionrestassured.restassuredrivision.Post -->
