<?xml version="1.0" encoding="UTF-8"?>
<!-- Generated by org.testng.reporters.JUnitReportReporter -->
<testsuite hostname="DESKTOP-8JJHTH4" failures="0" tests="1" name="Rivisionrestassured.restassuredrivision.Get" time="5.332" errors="0" timestamp="2024-09-29T15:13:24 IST" skipped="0">
  <testcase classname="Rivisionrestassured.restassuredrivision.Get" name="get" time="5.332"/>
</testsuite> <!-- Rivisionrestassured.restassuredrivision.Get -->
