<?xml version="1.0" encoding="UTF-8"?>
<!-- Generated by org.testng.reporters.JUnitReportReporter -->
<testsuite hostname="DESKTOP-8JJHTH4" failures="0" tests="1" name="Rivisionrestassured.restassuredrivision.Main" time="5.548" errors="0" timestamp="2024-09-29T14:19:24 IST" skipped="0">
  <testcase classname="Rivisionrestassured.restassuredrivision.Main" name="get" time="5.548"/>
</testsuite> <!-- Rivisionrestassured.restassuredrivision.Main -->
